<?xml version="1.0" encoding="UTF-8"?>
<testng-results skipped="0" failed="0" ignored="0" total="1" passed="1">
  <reporter-output>
  </reporter-output>
  <suite name="Default suite" duration-ms="30252" started-at="2021-06-13T16:35:00 IST" finished-at="2021-06-13T16:35:30 IST">
    <groups>
    </groups>
    <test name="Default test" duration-ms="30252" started-at="2021-06-13T16:35:00 IST" finished-at="2021-06-13T16:35:30 IST">
      <class name="com.letcode.tests.SelectpageTest">
        <test-method status="PASS" signature="setup()[pri:0, instance:com.letcode.tests.SelectpageTest@77be656f]" name="setup" is-config="true" duration-ms="28713" started-at="2021-06-13T16:35:00 IST" finished-at="2021-06-13T16:35:29 IST">
          <reporter-output>
          </reporter-output>
        </test-method> <!-- setup -->
        <test-method status="PASS" signature="selectoperations()[pri:0, instance:com.letcode.tests.SelectpageTest@77be656f]" name="selectoperations" duration-ms="1307" started-at="2021-06-13T16:35:29 IST" finished-at="2021-06-13T16:35:30 IST">
          <reporter-output>
          </reporter-output>
        </test-method> <!-- selectoperations -->
      </class> <!-- com.letcode.tests.SelectpageTest -->
    </test> <!-- Default test -->
  </suite> <!-- Default suite -->
</testng-results>
